<?xml version="1.0" encoding="UTF-8"?>
<testng-results skipped="0" failed="0" ignored="0" total="2" passed="2">
  <reporter-output>
  </reporter-output>
  <suite name="Suite" duration-ms="14031" started-at="2020-05-08T18:30:33 ICT" finished-at="2020-05-08T18:30:47 ICT">
    <groups>
    </groups>
    <test name="Test" duration-ms="14031" started-at="2020-05-08T18:30:33 ICT" finished-at="2020-05-08T18:30:47 ICT">
      <class name="selenium.runTestcaseDemo">
        <test-method status="PASS" signature="beforeClass()[pri:0, instance:selenium.runTestcaseDemo@5442a311]" name="beforeClass" is-config="true" duration-ms="12289" started-at="2020-05-08T18:30:33 ICT" finished-at="2020-05-08T18:30:45 ICT">
          <reporter-output>
          </reporter-output>
        </test-method> <!-- beforeClass -->
        <test-method status="PASS" signature="TC_01_DemoRunOnJenkins()[pri:0, instance:selenium.runTestcaseDemo@5442a311]" name="TC_01_DemoRunOnJenkins" duration-ms="49" started-at="2020-05-08T18:30:45 ICT" finished-at="2020-05-08T18:30:45 ICT">
          <reporter-output>
          </reporter-output>
        </test-method> <!-- TC_01_DemoRunOnJenkins -->
        <test-method status="PASS" signature="TC_02_getURL()[pri:0, instance:selenium.runTestcaseDemo@5442a311]" name="TC_02_getURL" duration-ms="3" started-at="2020-05-08T18:30:45 ICT" finished-at="2020-05-08T18:30:45 ICT">
          <reporter-output>
          </reporter-output>
        </test-method> <!-- TC_02_getURL -->
        <test-method status="PASS" signature="afterClass()[pri:0, instance:selenium.runTestcaseDemo@5442a311]" name="afterClass" is-config="true" duration-ms="1660" started-at="2020-05-08T18:30:45 ICT" finished-at="2020-05-08T18:30:47 ICT">
          <reporter-output>
          </reporter-output>
        </test-method> <!-- afterClass -->
      </class> <!-- selenium.runTestcaseDemo -->
    </test> <!-- Test -->
  </suite> <!-- Suite -->
</testng-results>
